[debug] [2024-10-16T00:59:11.488Z] ----------------------------------------------------------------------
[debug] [2024-10-16T00:59:11.491Z] Command:       C:\Program Files\nodejs\node.exe C:\Users\ryant\AppData\Roaming\npm\node_modules\firebase-tools\lib\bin\firebase.js init
[debug] [2024-10-16T00:59:11.491Z] CLI Version:   13.22.0
[debug] [2024-10-16T00:59:11.491Z] Platform:      win32
[debug] [2024-10-16T00:59:11.492Z] Node Version:  v20.17.0
[debug] [2024-10-16T00:59:11.492Z] Time:          Tue Oct 15 2024 20:59:11 GMT-0400 (Eastern Daylight Time)
[debug] [2024-10-16T00:59:11.492Z] ----------------------------------------------------------------------
[debug] 
[debug] [2024-10-16T00:59:11.499Z] > command requires scopes: ["email","openid","https://www.googleapis.com/auth/cloudplatformprojects.readonly","https://www.googleapis.com/auth/firebase","https://www.googleapis.com/auth/cloud-platform"]
[debug] [2024-10-16T00:59:11.500Z] > authorizing via signed-in user (ryantlee33@gmail.com)
[info] 
     ######## #### ########  ######## ########     ###     ######  ########
     ##        ##  ##     ## ##       ##     ##  ##   ##  ##       ##
     ######    ##  ########  ######   ########  #########  ######  ######
     ##        ##  ##    ##  ##       ##     ## ##     ##       ## ##
     ##       #### ##     ## ######## ########  ##     ##  ######  ########

You're about to initialize a Firebase project in this directory:

  C:\Users\ryant\Documents\Ai-Midterm\Prototype3\tldraw-sync-cloudflare

[info] 
=== Project Setup
[info] 
[info] First, let's associate this project directory with a Firebase project.
[info] You can create multiple project aliases by running firebase use --add, 
[info] but for now we'll just set up a default project.
[info] 
[info] i  If you want to create a project in a Google Cloud organization or folder, please use "firebase projects:create" instead, and return to this command when you've created the project. 
[debug] [2024-10-16T01:00:08.186Z] Checked if tokens are valid: false, expires at: 1729037468792
[debug] [2024-10-16T01:00:08.187Z] Checked if tokens are valid: false, expires at: 1729037468792
[debug] [2024-10-16T01:00:08.187Z] > refreshing access token with scopes: []
[debug] [2024-10-16T01:00:08.189Z] >>> [apiv2][query] POST https://www.googleapis.com/oauth2/v3/token [none]
[debug] [2024-10-16T01:00:08.189Z] >>> [apiv2][body] POST https://www.googleapis.com/oauth2/v3/token [omitted]
[debug] [2024-10-16T01:00:08.402Z] <<< [apiv2][status] POST https://www.googleapis.com/oauth2/v3/token 200
[debug] [2024-10-16T01:00:08.403Z] <<< [apiv2][body] POST https://www.googleapis.com/oauth2/v3/token [omitted]
[debug] [2024-10-16T01:00:08.436Z] >>> [apiv2][query] POST https://cloudresourcemanager.googleapis.com/v1/projects [none]
[debug] [2024-10-16T01:00:08.436Z] >>> [apiv2][body] POST https://cloudresourcemanager.googleapis.com/v1/projects {"projectId":"test1","name":"test1"}
[debug] [2024-10-16T01:00:08.671Z] <<< [apiv2][status] POST https://cloudresourcemanager.googleapis.com/v1/projects 400
[debug] [2024-10-16T01:00:08.671Z] <<< [apiv2][body] POST https://cloudresourcemanager.googleapis.com/v1/projects {"error":{"code":400,"message":"field [project_id] has issue [project_id must be at least 6 characters long]","status":"INVALID_ARGUMENT","details":[{"@type":"type.googleapis.com/google.rpc.BadRequest","fieldViolations":[{"field":"project_id","description":"project_id must be at least 6 characters long"}]},{"@type":"type.googleapis.com/google.rpc.Help","links":[{"url":"https://cloud.google.com/resource-manager/reference/rest/v1/projects"}]}]}}
[debug] [2024-10-16T01:00:08.744Z] FirebaseError: HTTP Error: 400, field [project_id] has issue [project_id must be at least 6 characters long]
    at responseToError (C:\Users\ryant\AppData\Roaming\npm\node_modules\firebase-tools\lib\responseToError.js:49:12)
    at RetryOperation._fn (C:\Users\ryant\AppData\Roaming\npm\node_modules\firebase-tools\lib\apiv2.js:312:77)
    at process.processTicksAndRejections (node:internal/process/task_queues:95:5)
[error] 
[error] Error: Failed to create project. See firebase-debug.log for more info.
